<?xml version="1.0" encoding="UTF-8"?>
<!-- Generated by org.testng.reporters.JUnitReportReporter -->
<testsuite hostname="LAPTOP-OHRA3Q15" failures="0" tests="9" name="testpackage.Runtest" time="30.700" errors="0" timestamp="2022-02-16T01:31:24 EST" skipped="0">
  <testcase classname="testpackage.Runtest" name="login" time="5.221"/>
  <system-out/>
  <testcase classname="testpackage.Runtest" name="username" time="3.093"/>
  <system-out/>
  <testcase classname="testpackage.Runtest" name="password" time="3.087"/>
  <system-out/>
  <testcase classname="testpackage.Runtest" name="clickonloginbutton" time="3.070"/>
  <system-out/>
  <testcase classname="testpackage.Runtest" name="clickonlaptops" time="3.064"/>
  <system-out/>
  <testcase classname="testpackage.Runtest" name="chooseonelaptop" time="3.293"/>
  <system-out/>
  <testcase classname="testpackage.Runtest" name="addincart" time="9.150"/>
  <system-out/>
  <testcase classname="testpackage.Runtest" name="addcart" time="0.552"/>
  <system-out/>
  <testcase classname="testpackage.Runtest" name="item" time="0.170"/>
  <system-out/>
</testsuite> <!-- testpackage.Runtest -->
